0 info it worked if it ends with ok
1 verbose cli [ 'node',
1 verbose cli   '/usr/local/bin/npm',
1 verbose cli   'install',
1 verbose cli   'docpad-plugin-underscore@2',
1 verbose cli   '--save' ]
2 info using npm@1.4.10
3 info using node@v0.10.21
4 verbose readDependencies using package.json deps
5 verbose cache add [ 'docpad-plugin-underscore@2', null ]
6 verbose cache add name=undefined spec="docpad-plugin-underscore@2" args=["docpad-plugin-underscore@2",null]
7 verbose parsed url { protocol: null,
7 verbose parsed url   slashes: null,
7 verbose parsed url   auth: null,
7 verbose parsed url   host: null,
7 verbose parsed url   port: null,
7 verbose parsed url   hostname: null,
7 verbose parsed url   hash: null,
7 verbose parsed url   search: null,
7 verbose parsed url   query: null,
7 verbose parsed url   pathname: 'docpad-plugin-underscore@2',
7 verbose parsed url   path: 'docpad-plugin-underscore@2',
7 verbose parsed url   href: 'docpad-plugin-underscore@2' }
8 verbose cache add name="docpad-plugin-underscore" spec="2" args=["docpad-plugin-underscore","2"]
9 verbose parsed url { protocol: null,
9 verbose parsed url   slashes: null,
9 verbose parsed url   auth: null,
9 verbose parsed url   host: null,
9 verbose parsed url   port: null,
9 verbose parsed url   hostname: null,
9 verbose parsed url   hash: null,
9 verbose parsed url   search: null,
9 verbose parsed url   query: null,
9 verbose parsed url   pathname: '2',
9 verbose parsed url   path: '2',
9 verbose parsed url   href: '2' }
10 verbose addNamed [ 'docpad-plugin-underscore', '2' ]
11 verbose addNamed [ null, '>=2.0.0-0 <3.0.0-0' ]
12 silly lockFile 04f35177-docpad-plugin-underscore-2 docpad-plugin-underscore@2
13 verbose lock docpad-plugin-underscore@2 /Users/darcy/.npm/04f35177-docpad-plugin-underscore-2.lock
14 silly addNameRange { name: 'docpad-plugin-underscore',
14 silly addNameRange   range: '>=2.0.0-0 <3.0.0-0',
14 silly addNameRange   hasData: false }
15 verbose url raw docpad-plugin-underscore
16 verbose url resolving [ 'https://registry.npmjs.org/', './docpad-plugin-underscore' ]
17 verbose url resolved https://registry.npmjs.org/docpad-plugin-underscore
18 info trying registry request attempt 1 at 17:09:49
19 http GET https://registry.npmjs.org/docpad-plugin-underscore
20 http 404 https://registry.npmjs.org/docpad-plugin-underscore
21 verbose headers { date: 'Tue, 27 May 2014 15:09:49 GMT',
21 verbose headers   server: 'CouchDB/1.5.0 (Erlang OTP/R16B)',
21 verbose headers   'content-type': 'application/json',
21 verbose headers   via: '1.1 varnish',
21 verbose headers   'cache-control': 'max-age=0',
21 verbose headers   'content-length': '52',
21 verbose headers   'accept-ranges': 'bytes',
21 verbose headers   age: '0',
21 verbose headers   'x-served-by': 'cache-v42-ASH, cache-lcy1127-LCY',
21 verbose headers   'x-cache': 'MISS, MISS',
21 verbose headers   'x-cache-hits': '0, 0',
21 verbose headers   'x-timer': 'S1401203389.591679,VS0,VE172',
21 verbose headers   'keep-alive': 'timeout=10, max=50',
21 verbose headers   connection: 'Keep-Alive' }
22 silly registry.get cb [ 404,
22 silly registry.get   { date: 'Tue, 27 May 2014 15:09:49 GMT',
22 silly registry.get     server: 'CouchDB/1.5.0 (Erlang OTP/R16B)',
22 silly registry.get     'content-type': 'application/json',
22 silly registry.get     via: '1.1 varnish',
22 silly registry.get     'cache-control': 'max-age=0',
22 silly registry.get     'content-length': '52',
22 silly registry.get     'accept-ranges': 'bytes',
22 silly registry.get     age: '0',
22 silly registry.get     'x-served-by': 'cache-v42-ASH, cache-lcy1127-LCY',
22 silly registry.get     'x-cache': 'MISS, MISS',
22 silly registry.get     'x-cache-hits': '0, 0',
22 silly registry.get     'x-timer': 'S1401203389.591679,VS0,VE172',
22 silly registry.get     'keep-alive': 'timeout=10, max=50',
22 silly registry.get     connection: 'Keep-Alive' } ]
23 silly lockFile 04f35177-docpad-plugin-underscore-2 docpad-plugin-underscore@2
24 silly lockFile 04f35177-docpad-plugin-underscore-2 docpad-plugin-underscore@2
25 error 404 404 Not Found: docpad-plugin-underscore
25 error 404
25 error 404 'docpad-plugin-underscore' is not in the npm registry.
25 error 404 You should bug the author to publish it
25 error 404 It was specified as a dependency of 'twitter-bootstrap.docpad'
25 error 404
25 error 404 Note that you can also install from a
25 error 404 tarball, folder, or http url, or git url.
26 error System Darwin 12.5.0
27 error command "node" "/usr/local/bin/npm" "install" "docpad-plugin-underscore@2" "--save"
28 error cwd /opt/js/simple-express/static
29 error node -v v0.10.21
30 error npm -v 1.4.10
31 error code E404
32 verbose exit [ 1, true ]
